<?xml version="1.0" encoding="UTF-8" standalone="yes" ?>
<test-results name="C:\Development\Delphi\Delphi.FunctionalExtensions\tests\Win32\Debug\Delphi.FunctionalExtensions.Tests.exe" total="1" errors="0" failures="0" ignored="0" inconclusive="0" not-run="0" skipped="0" invalid="0" date="2017-07-16" time="0.000">
  <culture-info current-culture="en" current-uiculture="en" />
  <test-suite type="Assembly" name="Delphi.FunctionalExtensions.Tests.exe" executed="true" result="Success" success="True" time="0.000" asserts="0">
    <results>
        <test-suite type="Namespace" name="Maybe" executed="true" result="Success" success="True" time="0.000" asserts="0" >
          <results>
              <test-suite type="Fixture" name="MaybeTests" executed="True" result="Success" success="True" time="0.000" >
                <results>
                  <test-case name="CreatesImplicitMaybeFromReference" executed="True" result="Success" success="True" time="0.000" asserts="0" />
                </results>
              </test-suite>
          </results>
        </test-suite>
    </results>
  </test-suite>
</test-results>
